2015-01-27 10:43:59 [ main:3666 ] - [ ERROR ] Context initialization failed
org.springframework.beans.factory.BeanCreationException: Error creating bean with name 'assistContributionFactController': Injection of resource dependencies failed; nested exception is org.springframework.beans.factory.BeanCreationException: Error creating bean with name 'scoreService' defined in file [C:\Users\kevin_wang10\Desktop\YUM-NEW\PoC\exo_campaign_analysis\src\build\report\target\classes\cn\yum\bigdata\service\impl\ScoreServiceImpl.class]: Instantiation of bean failed; nested exception is org.springframework.beans.BeanInstantiationException: Could not instantiate bean class [cn.yum.bigdata.service.impl.ScoreServiceImpl]: Constructor threw exception; nested exception is java.lang.Error: Unresolved compilation problems: 
	The import cn.yum.bigdata.dao.IBigDataDao cannot be resolved
	The import cn.yum.bigdata.service.IBigDataService cannot be resolved
	IBigDataService cannot be resolved to a type
	IBigDataDao cannot be resolved to a type
	The method getPlatform() of type ScoreServiceImpl must override or implement a supertype method
	IBigDataDao cannot be resolved to a type
	The method getHeader(String[]) of type ScoreServiceImpl must override or implement a supertype method
	IBigDataDao cannot be resolved to a type
	The method actIndexMap(Object) of type ScoreServiceImpl must override or implement a supertype method
	IBigDataDao cannot be resolved to a type
	The method getData(Map<String,Object>) of type ScoreServiceImpl must override or implement a supertype method
	IBigDataDao cannot be resolved to a type
	IBigDataDao cannot be resolved to a type
	IBigDataDao cannot be resolved to a type
	IBigDataDao cannot be resolved to a type
	The method getAssistFact(Map<String,Object>) of type ScoreServiceImpl must override or implement a supertype method
	The method getDestinationList(Map<String,Object>) of type ScoreServiceImpl must override or implement a supertype method
	IBigDataDao cannot be resolved to a type
	The method getHeader() of type ScoreServiceImpl must override or implement a supertype method
	The method getParamsById(String) of type ScoreServiceImpl must override or implement a supertype method
	IBigDataDao cannot be resolved to a type

	at org.springframework.context.annotation.CommonAnnotationBeanPostProcessor.postProcessPropertyValues(CommonAnnotationBeanPostProcessor.java:306)
	at org.springframework.beans.factory.support.AbstractAutowireCapableBeanFactory.populateBean(AbstractAutowireCapableBeanFactory.java:1146)
	at org.springframework.beans.factory.support.AbstractAutowireCapableBeanFactory.doCreateBean(AbstractAutowireCapableBeanFactory.java:519)
	at org.springframework.beans.factory.support.AbstractAutowireCapableBeanFactory.createBean(AbstractAutowireCapableBeanFactory.java:458)
	at org.springframework.beans.factory.support.AbstractBeanFactory$1.getObject(AbstractBeanFactory.java:296)
	at org.springframework.beans.factory.support.DefaultSingletonBeanRegistry.getSingleton(DefaultSingletonBeanRegistry.java:223)
	at org.springframework.beans.factory.support.AbstractBeanFactory.doGetBean(AbstractBeanFactory.java:293)
	at org.springframework.beans.factory.support.AbstractBeanFactory.getBean(AbstractBeanFactory.java:194)
	at org.springframework.beans.factory.support.DefaultListableBeanFactory.preInstantiateSingletons(DefaultListableBeanFactory.java:628)
	at org.springframework.context.support.AbstractApplicationContext.finishBeanFactoryInitialization(AbstractApplicationContext.java:932)
	at org.springframework.context.support.AbstractApplicationContext.refresh(AbstractApplicationContext.java:479)
	at org.springframework.web.servlet.FrameworkServlet.configureAndRefreshWebApplicationContext(FrameworkServlet.java:651)
	at org.springframework.web.servlet.FrameworkServlet.createWebApplicationContext(FrameworkServlet.java:599)
	at org.springframework.web.servlet.FrameworkServlet.createWebApplicationContext(FrameworkServlet.java:665)
	at org.springframework.web.servlet.FrameworkServlet.initWebApplicationContext(FrameworkServlet.java:518)
	at org.springframework.web.servlet.FrameworkServlet.initServletBean(FrameworkServlet.java:459)
	at org.springframework.web.servlet.HttpServletBean.init(HttpServletBean.java:136)
	at javax.servlet.GenericServlet.init(GenericServlet.java:244)
	at org.eclipse.jetty.servlet.ServletHolder.initServlet(ServletHolder.java:519)
	at org.eclipse.jetty.servlet.ServletHolder.doStart(ServletHolder.java:331)
	at org.eclipse.jetty.util.component.AbstractLifeCycle.start(AbstractLifeCycle.java:64)
	at org.eclipse.jetty.servlet.ServletHandler.initialize(ServletHandler.java:742)
	at org.eclipse.jetty.servlet.ServletContextHandler.startContext(ServletContextHandler.java:265)
	at org.eclipse.jetty.webapp.WebAppContext.startContext(WebAppContext.java:1250)
	at org.eclipse.jetty.server.handler.ContextHandler.doStart(ContextHandler.java:710)
	at org.eclipse.jetty.webapp.WebAppContext.doStart(WebAppContext.java:492)
	at org.mortbay.jetty.plugin.JettyWebAppContext.doStart(JettyWebAppContext.java:293)
	at org.eclipse.jetty.util.component.AbstractLifeCycle.start(AbstractLifeCycle.java:64)
	at org.eclipse.jetty.server.handler.HandlerCollection.doStart(HandlerCollection.java:229)
	at org.eclipse.jetty.server.handler.ContextHandlerCollection.doStart(ContextHandlerCollection.java:172)
	at org.eclipse.jetty.util.component.AbstractLifeCycle.start(AbstractLifeCycle.java:64)
	at org.eclipse.jetty.server.handler.HandlerCollection.doStart(HandlerCollection.java:229)
	at org.eclipse.jetty.util.component.AbstractLifeCycle.start(AbstractLifeCycle.java:64)
	at org.eclipse.jetty.server.handler.HandlerWrapper.doStart(HandlerWrapper.java:95)
	at org.eclipse.jetty.server.Server.doStart(Server.java:280)
	at org.mortbay.jetty.plugin.JettyServer.doStart(JettyServer.java:65)
	at org.eclipse.jetty.util.component.AbstractLifeCycle.start(AbstractLifeCycle.java:64)
	at org.mortbay.jetty.plugin.AbstractJettyMojo.startJetty(AbstractJettyMojo.java:520)
	at org.mortbay.jetty.plugin.AbstractJettyMojo.execute(AbstractJettyMojo.java:365)
	at org.mortbay.jetty.plugin.JettyRunMojo.execute(JettyRunMojo.java:523)
	at org.apache.maven.plugin.DefaultBuildPluginManager.executeMojo(DefaultBuildPluginManager.java:101)
	at org.apache.maven.lifecycle.internal.MojoExecutor.execute(MojoExecutor.java:209)
	at org.apache.maven.lifecycle.internal.MojoExecutor.execute(MojoExecutor.java:153)
	at org.apache.maven.lifecycle.internal.MojoExecutor.execute(MojoExecutor.java:145)
	at org.apache.maven.lifecycle.internal.LifecycleModuleBuilder.buildProject(LifecycleModuleBuilder.java:84)
	at org.apache.maven.lifecycle.internal.LifecycleModuleBuilder.buildProject(LifecycleModuleBuilder.java:59)
	at org.apache.maven.lifecycle.internal.LifecycleStarter.singleThreadedBuild(LifecycleStarter.java:183)
	at org.apache.maven.lifecycle.internal.LifecycleStarter.execute(LifecycleStarter.java:161)
	at org.apache.maven.DefaultMaven.doExecute(DefaultMaven.java:320)
	at org.apache.maven.DefaultMaven.execute(DefaultMaven.java:156)
	at org.apache.maven.cli.MavenCli.execute(MavenCli.java:537)
	at org.apache.maven.cli.MavenCli.doMain(MavenCli.java:196)
	at org.apache.maven.cli.MavenCli.main(MavenCli.java:141)
	at sun.reflect.NativeMethodAccessorImpl.invoke0(Native Method)
	at sun.reflect.NativeMethodAccessorImpl.invoke(NativeMethodAccessorImpl.java:57)
	at sun.reflect.DelegatingMethodAccessorImpl.invoke(DelegatingMethodAccessorImpl.java:43)
	at java.lang.reflect.Method.invoke(Method.java:601)
	at org.codehaus.plexus.classworlds.launcher.Launcher.launchEnhanced(Launcher.java:290)
	at org.codehaus.plexus.classworlds.launcher.Launcher.launch(Launcher.java:230)
	at org.codehaus.plexus.classworlds.launcher.Launcher.mainWithExitCode(Launcher.java:409)
	at org.codehaus.plexus.classworlds.launcher.Launcher.main(Launcher.java:352)
Caused by: org.springframework.beans.factory.BeanCreationException: Error creating bean with name 'scoreService' defined in file [C:\Users\kevin_wang10\Desktop\YUM-NEW\PoC\exo_campaign_analysis\src\build\report\target\classes\cn\yum\bigdata\service\impl\ScoreServiceImpl.class]: Instantiation of bean failed; nested exception is org.springframework.beans.BeanInstantiationException: Could not instantiate bean class [cn.yum.bigdata.service.impl.ScoreServiceImpl]: Constructor threw exception; nested exception is java.lang.Error: Unresolved compilation problems: 
	The import cn.yum.bigdata.dao.IBigDataDao cannot be resolved
	The import cn.yum.bigdata.service.IBigDataService cannot be resolved
	IBigDataService cannot be resolved to a type
	IBigDataDao cannot be resolved to a type
	The method getPlatform() of type ScoreServiceImpl must override or implement a supertype method
	IBigDataDao cannot be resolved to a type
	The method getHeader(String[]) of type ScoreServiceImpl must override or implement a supertype method
	IBigDataDao cannot be resolved to a type
	The method actIndexMap(Object) of type ScoreServiceImpl must override or implement a supertype method
	IBigDataDao cannot be resolved to a type
	The method getData(Map<String,Object>) of type ScoreServiceImpl must override or implement a supertype method
	IBigDataDao cannot be resolved to a type
	IBigDataDao cannot be resolved to a type
	IBigDataDao cannot be resolved to a type
	IBigDataDao cannot be resolved to a type
	The method getAssistFact(Map<String,Object>) of type ScoreServiceImpl must override or implement a supertype method
	The method getDestinationList(Map<String,Object>) of type ScoreServiceImpl must override or implement a supertype method
	IBigDataDao cannot be resolved to a type
	The method getHeader() of type ScoreServiceImpl must override or implement a supertype method
	The method getParamsById(String) of type ScoreServiceImpl must override or implement a supertype method
	IBigDataDao cannot be resolved to a type

	at org.springframework.beans.factory.support.AbstractAutowireCapableBeanFactory.instantiateBean(AbstractAutowireCapableBeanFactory.java:1037)
	at org.springframework.beans.factory.support.AbstractAutowireCapableBeanFactory.createBeanInstance(AbstractAutowireCapableBeanFactory.java:983)
	at org.springframework.beans.factory.support.AbstractAutowireCapableBeanFactory.doCreateBean(AbstractAutowireCapableBeanFactory.java:487)
	at org.springframework.beans.factory.support.AbstractAutowireCapableBeanFactory.createBean(AbstractAutowireCapableBeanFactory.java:458)
	at org.springframework.beans.factory.support.AbstractBeanFactory$1.getObject(AbstractBeanFactory.java:296)
	at org.springframework.beans.factory.support.DefaultSingletonBeanRegistry.getSingleton(DefaultSingletonBeanRegistry.java:223)
	at org.springframework.beans.factory.support.AbstractBeanFactory.doGetBean(AbstractBeanFactory.java:293)
	at org.springframework.beans.factory.support.AbstractBeanFactory.getBean(AbstractBeanFactory.java:198)
	at org.springframework.context.annotation.CommonAnnotationBeanPostProcessor.autowireResource(CommonAnnotationBeanPostProcessor.java:444)
	at org.springframework.context.annotation.CommonAnnotationBeanPostProcessor.getResource(CommonAnnotationBeanPostProcessor.java:418)
	at org.springframework.context.annotation.CommonAnnotationBeanPostProcessor$ResourceElement.getResourceToInject(CommonAnnotationBeanPostProcessor.java:546)
	at org.springframework.beans.factory.annotation.InjectionMetadata$InjectedElement.inject(InjectionMetadata.java:150)
	at org.springframework.beans.factory.annotation.InjectionMetadata.inject(InjectionMetadata.java:87)
	at org.springframework.context.annotation.CommonAnnotationBeanPostProcessor.postProcessPropertyValues(CommonAnnotationBeanPostProcessor.java:303)
	... 60 more
Caused by: org.springframework.beans.BeanInstantiationException: Could not instantiate bean class [cn.yum.bigdata.service.impl.ScoreServiceImpl]: Constructor threw exception; nested exception is java.lang.Error: Unresolved compilation problems: 
	The import cn.yum.bigdata.dao.IBigDataDao cannot be resolved
	The import cn.yum.bigdata.service.IBigDataService cannot be resolved
	IBigDataService cannot be resolved to a type
	IBigDataDao cannot be resolved to a type
	The method getPlatform() of type ScoreServiceImpl must override or implement a supertype method
	IBigDataDao cannot be resolved to a type
	The method getHeader(String[]) of type ScoreServiceImpl must override or implement a supertype method
	IBigDataDao cannot be resolved to a type
	The method actIndexMap(Object) of type ScoreServiceImpl must override or implement a supertype method
	IBigDataDao cannot be resolved to a type
	The method getData(Map<String,Object>) of type ScoreServiceImpl must override or implement a supertype method
	IBigDataDao cannot be resolved to a type
	IBigDataDao cannot be resolved to a type
	IBigDataDao cannot be resolved to a type
	IBigDataDao cannot be resolved to a type
	The method getAssistFact(Map<String,Object>) of type ScoreServiceImpl must override or implement a supertype method
	The method getDestinationList(Map<String,Object>) of type ScoreServiceImpl must override or implement a supertype method
	IBigDataDao cannot be resolved to a type
	The method getHeader() of type ScoreServiceImpl must override or implement a supertype method
	The method getParamsById(String) of type ScoreServiceImpl must override or implement a supertype method
	IBigDataDao cannot be resolved to a type

	at org.springframework.beans.BeanUtils.instantiateClass(BeanUtils.java:163)
	at org.springframework.beans.factory.support.SimpleInstantiationStrategy.instantiate(SimpleInstantiationStrategy.java:87)
	at org.springframework.beans.factory.support.AbstractAutowireCapableBeanFactory.instantiateBean(AbstractAutowireCapableBeanFactory.java:1030)
	... 73 more
Caused by: java.lang.Error: Unresolved compilation problems: 
	The import cn.yum.bigdata.dao.IBigDataDao cannot be resolved
	The import cn.yum.bigdata.service.IBigDataService cannot be resolved
	IBigDataService cannot be resolved to a type
	IBigDataDao cannot be resolved to a type
	The method getPlatform() of type ScoreServiceImpl must override or implement a supertype method
	IBigDataDao cannot be resolved to a type
	The method getHeader(String[]) of type ScoreServiceImpl must override or implement a supertype method
	IBigDataDao cannot be resolved to a type
	The method actIndexMap(Object) of type ScoreServiceImpl must override or implement a supertype method
	IBigDataDao cannot be resolved to a type
	The method getData(Map<String,Object>) of type ScoreServiceImpl must override or implement a supertype method
	IBigDataDao cannot be resolved to a type
	IBigDataDao cannot be resolved to a type
	IBigDataDao cannot be resolved to a type
	IBigDataDao cannot be resolved to a type
	The method getAssistFact(Map<String,Object>) of type ScoreServiceImpl must override or implement a supertype method
	The method getDestinationList(Map<String,Object>) of type ScoreServiceImpl must override or implement a supertype method
	IBigDataDao cannot be resolved to a type
	The method getHeader() of type ScoreServiceImpl must override or implement a supertype method
	The method getParamsById(String) of type ScoreServiceImpl must override or implement a supertype method
	IBigDataDao cannot be resolved to a type

	at cn.yum.bigdata.service.impl.ScoreServiceImpl.<init>(ScoreServiceImpl.java:15)
	at sun.reflect.NativeConstructorAccessorImpl.newInstance0(Native Method)
	at sun.reflect.NativeConstructorAccessorImpl.newInstance(NativeConstructorAccessorImpl.java:57)
	at sun.reflect.DelegatingConstructorAccessorImpl.newInstance(DelegatingConstructorAccessorImpl.java:45)
	at java.lang.reflect.Constructor.newInstance(Constructor.java:525)
	at org.springframework.beans.BeanUtils.instantiateClass(BeanUtils.java:148)
	... 75 more
2015-01-27 10:49:08 [ main:2158 ] - [ ERROR ] Context initialization failed
org.springframework.beans.factory.BeanCreationException: Error creating bean with name 'refTestController' defined in file [C:\Users\kevin_wang10\Desktop\YUM-NEW\PoC\exo_campaign_analysis\src\build\report\target\classes\cn\yum\bigdata\controller\RefTestController.class]: Instantiation of bean failed; nested exception is org.springframework.beans.BeanInstantiationException: Could not instantiate bean class [cn.yum.bigdata.controller.RefTestController]: Constructor threw exception; nested exception is java.lang.Error: Unresolved compilation problems: 
	The import com.alibaba cannot be resolved
	The import cn.com cannot be resolved
	DefaultSourceMapper cannot be resolved to a type
	DefaultSourceMapper cannot be resolved to a type
	DefaultSourceMapper cannot be resolved to a type
	DefaultSourceMapper cannot be resolved to a type
	JSONObject cannot be resolved to a type
	JSONObject cannot be resolved to a type

	at org.springframework.beans.factory.support.AbstractAutowireCapableBeanFactory.instantiateBean(AbstractAutowireCapableBeanFactory.java:1037)
	at org.springframework.beans.factory.support.AbstractAutowireCapableBeanFactory.createBeanInstance(AbstractAutowireCapableBeanFactory.java:983)
	at org.springframework.beans.factory.support.AbstractAutowireCapableBeanFactory.doCreateBean(AbstractAutowireCapableBeanFactory.java:487)
	at org.springframework.beans.factory.support.AbstractAutowireCapableBeanFactory.createBean(AbstractAutowireCapableBeanFactory.java:458)
	at org.springframework.beans.factory.support.AbstractBeanFactory$1.getObject(AbstractBeanFactory.java:296)
	at org.springframework.beans.factory.support.DefaultSingletonBeanRegistry.getSingleton(DefaultSingletonBeanRegistry.java:223)
	at org.springframework.beans.factory.support.AbstractBeanFactory.doGetBean(AbstractBeanFactory.java:293)
	at org.springframework.beans.factory.support.AbstractBeanFactory.getBean(AbstractBeanFactory.java:194)
	at org.springframework.beans.factory.support.DefaultListableBeanFactory.preInstantiateSingletons(DefaultListableBeanFactory.java:628)
	at org.springframework.context.support.AbstractApplicationContext.finishBeanFactoryInitialization(AbstractApplicationContext.java:932)
	at org.springframework.context.support.AbstractApplicationContext.refresh(AbstractApplicationContext.java:479)
	at org.springframework.web.servlet.FrameworkServlet.configureAndRefreshWebApplicationContext(FrameworkServlet.java:651)
	at org.springframework.web.servlet.FrameworkServlet.createWebApplicationContext(FrameworkServlet.java:599)
	at org.springframework.web.servlet.FrameworkServlet.createWebApplicationContext(FrameworkServlet.java:665)
	at org.springframework.web.servlet.FrameworkServlet.initWebApplicationContext(FrameworkServlet.java:518)
	at org.springframework.web.servlet.FrameworkServlet.initServletBean(FrameworkServlet.java:459)
	at org.springframework.web.servlet.HttpServletBean.init(HttpServletBean.java:136)
	at javax.servlet.GenericServlet.init(GenericServlet.java:244)
	at org.eclipse.jetty.servlet.ServletHolder.initServlet(ServletHolder.java:519)
	at org.eclipse.jetty.servlet.ServletHolder.doStart(ServletHolder.java:331)
	at org.eclipse.jetty.util.component.AbstractLifeCycle.start(AbstractLifeCycle.java:64)
	at org.eclipse.jetty.servlet.ServletHandler.initialize(ServletHandler.java:742)
	at org.eclipse.jetty.servlet.ServletContextHandler.startContext(ServletContextHandler.java:265)
	at org.eclipse.jetty.webapp.WebAppContext.startContext(WebAppContext.java:1250)
	at org.eclipse.jetty.server.handler.ContextHandler.doStart(ContextHandler.java:710)
	at org.eclipse.jetty.webapp.WebAppContext.doStart(WebAppContext.java:492)
	at org.mortbay.jetty.plugin.JettyWebAppContext.doStart(JettyWebAppContext.java:293)
	at org.eclipse.jetty.util.component.AbstractLifeCycle.start(AbstractLifeCycle.java:64)
	at org.eclipse.jetty.server.handler.HandlerCollection.doStart(HandlerCollection.java:229)
	at org.eclipse.jetty.server.handler.ContextHandlerCollection.doStart(ContextHandlerCollection.java:172)
	at org.eclipse.jetty.util.component.AbstractLifeCycle.start(AbstractLifeCycle.java:64)
	at org.eclipse.jetty.server.handler.HandlerCollection.doStart(HandlerCollection.java:229)
	at org.eclipse.jetty.util.component.AbstractLifeCycle.start(AbstractLifeCycle.java:64)
	at org.eclipse.jetty.server.handler.HandlerWrapper.doStart(HandlerWrapper.java:95)
	at org.eclipse.jetty.server.Server.doStart(Server.java:280)
	at org.mortbay.jetty.plugin.JettyServer.doStart(JettyServer.java:65)
	at org.eclipse.jetty.util.component.AbstractLifeCycle.start(AbstractLifeCycle.java:64)
	at org.mortbay.jetty.plugin.AbstractJettyMojo.startJetty(AbstractJettyMojo.java:520)
	at org.mortbay.jetty.plugin.AbstractJettyMojo.execute(AbstractJettyMojo.java:365)
	at org.mortbay.jetty.plugin.JettyRunMojo.execute(JettyRunMojo.java:523)
	at org.apache.maven.plugin.DefaultBuildPluginManager.executeMojo(DefaultBuildPluginManager.java:101)
	at org.apache.maven.lifecycle.internal.MojoExecutor.execute(MojoExecutor.java:209)
	at org.apache.maven.lifecycle.internal.MojoExecutor.execute(MojoExecutor.java:153)
	at org.apache.maven.lifecycle.internal.MojoExecutor.execute(MojoExecutor.java:145)
	at org.apache.maven.lifecycle.internal.LifecycleModuleBuilder.buildProject(LifecycleModuleBuilder.java:84)
	at org.apache.maven.lifecycle.internal.LifecycleModuleBuilder.buildProject(LifecycleModuleBuilder.java:59)
	at org.apache.maven.lifecycle.internal.LifecycleStarter.singleThreadedBuild(LifecycleStarter.java:183)
	at org.apache.maven.lifecycle.internal.LifecycleStarter.execute(LifecycleStarter.java:161)
	at org.apache.maven.DefaultMaven.doExecute(DefaultMaven.java:320)
	at org.apache.maven.DefaultMaven.execute(DefaultMaven.java:156)
	at org.apache.maven.cli.MavenCli.execute(MavenCli.java:537)
	at org.apache.maven.cli.MavenCli.doMain(MavenCli.java:196)
	at org.apache.maven.cli.MavenCli.main(MavenCli.java:141)
	at sun.reflect.NativeMethodAccessorImpl.invoke0(Native Method)
	at sun.reflect.NativeMethodAccessorImpl.invoke(NativeMethodAccessorImpl.java:57)
	at sun.reflect.DelegatingMethodAccessorImpl.invoke(DelegatingMethodAccessorImpl.java:43)
	at java.lang.reflect.Method.invoke(Method.java:601)
	at org.codehaus.plexus.classworlds.launcher.Launcher.launchEnhanced(Launcher.java:290)
	at org.codehaus.plexus.classworlds.launcher.Launcher.launch(Launcher.java:230)
	at org.codehaus.plexus.classworlds.launcher.Launcher.mainWithExitCode(Launcher.java:409)
	at org.codehaus.plexus.classworlds.launcher.Launcher.main(Launcher.java:352)
Caused by: org.springframework.beans.BeanInstantiationException: Could not instantiate bean class [cn.yum.bigdata.controller.RefTestController]: Constructor threw exception; nested exception is java.lang.Error: Unresolved compilation problems: 
	The import com.alibaba cannot be resolved
	The import cn.com cannot be resolved
	DefaultSourceMapper cannot be resolved to a type
	DefaultSourceMapper cannot be resolved to a type
	DefaultSourceMapper cannot be resolved to a type
	DefaultSourceMapper cannot be resolved to a type
	JSONObject cannot be resolved to a type
	JSONObject cannot be resolved to a type

	at org.springframework.beans.BeanUtils.instantiateClass(BeanUtils.java:163)
	at org.springframework.beans.factory.support.SimpleInstantiationStrategy.instantiate(SimpleInstantiationStrategy.java:87)
	at org.springframework.beans.factory.support.AbstractAutowireCapableBeanFactory.instantiateBean(AbstractAutowireCapableBeanFactory.java:1030)
	... 60 more
Caused by: java.lang.Error: Unresolved compilation problems: 
	The import com.alibaba cannot be resolved
	The import cn.com cannot be resolved
	DefaultSourceMapper cannot be resolved to a type
	DefaultSourceMapper cannot be resolved to a type
	DefaultSourceMapper cannot be resolved to a type
	DefaultSourceMapper cannot be resolved to a type
	JSONObject cannot be resolved to a type
	JSONObject cannot be resolved to a type

	at cn.yum.bigdata.controller.RefTestController.<init>(RefTestController.java:14)
	at sun.reflect.NativeConstructorAccessorImpl.newInstance0(Native Method)
	at sun.reflect.NativeConstructorAccessorImpl.newInstance(NativeConstructorAccessorImpl.java:57)
	at sun.reflect.DelegatingConstructorAccessorImpl.newInstance(DelegatingConstructorAccessorImpl.java:45)
	at java.lang.reflect.Constructor.newInstance(Constructor.java:525)
	at org.springframework.beans.BeanUtils.instantiateClass(BeanUtils.java:148)
	... 62 more
